0 info it worked if it ends with ok
1 verbose cli [ '/usr/local/bin/node',
1 verbose cli   '/usr/local/bin/npm',
1 verbose cli   'install',
1 verbose cli   'sleep',
1 verbose cli   '--save' ]
2 info using npm@3.3.12
3 info using node@v5.4.1
4 silly loadCurrentTree Starting
5 silly install loadCurrentTree
6 silly install readLocalPackageData
7 silly fetchPackageMetaData sleep
8 silly fetchNamedPackageData sleep
9 silly mapToRegistry name sleep
10 silly mapToRegistry using default registry
11 silly mapToRegistry registry https://registry.npmjs.org/
12 silly mapToRegistry uri https://registry.npmjs.org/sleep
13 verbose request uri https://registry.npmjs.org/sleep
14 verbose request no auth needed
15 info attempt registry request try #1 at 5:10:31 AM
16 verbose request id 7926908a419e675a
17 verbose etag "CXYY4X07ASNATJDUNTD4Y2ON0"
18 http request GET https://registry.npmjs.org/sleep
19 http 304 https://registry.npmjs.org/sleep
20 verbose headers { date: 'Sat, 20 Feb 2016 23:40:32 GMT',
20 verbose headers   via: '1.1 varnish',
20 verbose headers   'cache-control': 'max-age=300',
20 verbose headers   etag: '"CXYY4X07ASNATJDUNTD4Y2ON0"',
20 verbose headers   age: '154',
20 verbose headers   connection: 'keep-alive',
20 verbose headers   'x-served-by': 'cache-sin6927-SIN',
20 verbose headers   'x-cache': 'HIT',
20 verbose headers   'x-cache-hits': '1',
20 verbose headers   'x-timer': 'S1456011632.765568,VS0,VE0',
20 verbose headers   vary: 'Accept' }
21 silly get cb [ 304,
21 silly get   { date: 'Sat, 20 Feb 2016 23:40:32 GMT',
21 silly get     via: '1.1 varnish',
21 silly get     'cache-control': 'max-age=300',
21 silly get     etag: '"CXYY4X07ASNATJDUNTD4Y2ON0"',
21 silly get     age: '154',
21 silly get     connection: 'keep-alive',
21 silly get     'x-served-by': 'cache-sin6927-SIN',
21 silly get     'x-cache': 'HIT',
21 silly get     'x-cache-hits': '1',
21 silly get     'x-timer': 'S1456011632.765568,VS0,VE0',
21 silly get     vary: 'Accept' } ]
22 verbose etag https://registry.npmjs.org/sleep from cache
23 verbose get saving sleep to /Users/tathagatnawadia/.npm/registry.npmjs.org/sleep/.cache.json
24 silly install normalizeTree
25 silly loadCurrentTree Finishing
26 silly loadIdealTree Starting
27 silly install loadIdealTree
28 silly cloneCurrentTree Starting
29 silly install cloneCurrentTreeToIdealTree
30 silly cloneCurrentTree Finishing
31 silly loadShrinkwrap Starting
32 silly install loadShrinkwrap
33 silly loadShrinkwrap Finishing
34 silly loadAllDepsIntoIdealTree Starting
35 silly install loadAllDepsIntoIdealTree
36 silly resolveWithNewModule sleep@3.0.1 checking installable status
37 silly cache add args [ 'sleep', null ]
38 verbose cache add spec sleep
39 silly cache add parsed spec Result {
39 silly cache add   raw: 'sleep',
39 silly cache add   scope: null,
39 silly cache add   name: 'sleep',
39 silly cache add   rawSpec: '',
39 silly cache add   spec: '*',
39 silly cache add   type: 'range' }
40 silly addNamed sleep@*
41 verbose addNamed "*" is a valid semver range for sleep
42 silly addNameRange { name: 'sleep', range: '*', hasData: false }
43 silly mapToRegistry name sleep
44 silly mapToRegistry using default registry
45 silly mapToRegistry registry https://registry.npmjs.org/
46 silly mapToRegistry uri https://registry.npmjs.org/sleep
47 verbose addNameRange registry:https://registry.npmjs.org/sleep not in flight; fetching
48 verbose get https://registry.npmjs.org/sleep not expired, no request
49 silly addNameRange number 2 { name: 'sleep', range: '*', hasData: true }
50 silly addNameRange versions [ 'sleep',
50 silly addNameRange   [ '1.0.0',
50 silly addNameRange     '1.0.1',
50 silly addNameRange     '1.0.2',
50 silly addNameRange     '1.1.0',
50 silly addNameRange     '1.1.1',
50 silly addNameRange     '1.1.2',
50 silly addNameRange     '1.1.3',
50 silly addNameRange     '1.1.4',
50 silly addNameRange     '1.1.5',
50 silly addNameRange     '1.1.6',
50 silly addNameRange     '1.1.7',
50 silly addNameRange     '1.1.8',
50 silly addNameRange     '1.2.0',
50 silly addNameRange     '2.0.0',
50 silly addNameRange     '3.0.0',
50 silly addNameRange     '3.0.1' ] ]
51 silly addNamed sleep@3.0.1
52 verbose addNamed "3.0.1" is a plain semver version for sleep
53 silly cache afterAdd sleep@3.0.1
54 verbose afterAdd /Users/tathagatnawadia/.npm/sleep/3.0.1/package/package.json not in flight; writing
55 verbose afterAdd /Users/tathagatnawadia/.npm/sleep/3.0.1/package/package.json written
56 silly fetchNamedPackageData nan
57 silly mapToRegistry name nan
58 silly mapToRegistry using default registry
59 silly mapToRegistry registry https://registry.npmjs.org/
60 silly mapToRegistry uri https://registry.npmjs.org/nan
61 verbose request uri https://registry.npmjs.org/nan
62 verbose request no auth needed
63 info attempt registry request try #1 at 5:10:33 AM
64 verbose etag "7Y2U1A5TWU1O0YTKGMD4FB8ZN"
65 http request GET https://registry.npmjs.org/nan
66 http 304 https://registry.npmjs.org/nan
67 verbose headers { date: 'Sat, 20 Feb 2016 23:40:34 GMT',
67 verbose headers   via: '1.1 varnish',
67 verbose headers   'cache-control': 'max-age=300',
67 verbose headers   etag: '"7Y2U1A5TWU1O0YTKGMD4FB8ZN"',
67 verbose headers   age: '68',
67 verbose headers   connection: 'keep-alive',
67 verbose headers   'x-served-by': 'cache-sin6924-SIN',
67 verbose headers   'x-cache': 'HIT',
67 verbose headers   'x-cache-hits': '2',
67 verbose headers   'x-timer': 'S1456011634.477944,VS0,VE0',
67 verbose headers   vary: 'Accept' }
68 silly get cb [ 304,
68 silly get   { date: 'Sat, 20 Feb 2016 23:40:34 GMT',
68 silly get     via: '1.1 varnish',
68 silly get     'cache-control': 'max-age=300',
68 silly get     etag: '"7Y2U1A5TWU1O0YTKGMD4FB8ZN"',
68 silly get     age: '68',
68 silly get     connection: 'keep-alive',
68 silly get     'x-served-by': 'cache-sin6924-SIN',
68 silly get     'x-cache': 'HIT',
68 silly get     'x-cache-hits': '2',
68 silly get     'x-timer': 'S1456011634.477944,VS0,VE0',
68 silly get     vary: 'Accept' } ]
69 verbose etag https://registry.npmjs.org/nan from cache
70 verbose get saving nan to /Users/tathagatnawadia/.npm/registry.npmjs.org/nan/.cache.json
71 silly resolveWithNewModule nan@2.2.0 checking installable status
72 silly cache add args [ 'nan@>=2.0.0', null ]
73 verbose cache add spec nan@>=2.0.0
74 silly cache add parsed spec Result {
74 silly cache add   raw: 'nan@>=2.0.0',
74 silly cache add   scope: null,
74 silly cache add   name: 'nan',
74 silly cache add   rawSpec: '>=2.0.0',
74 silly cache add   spec: '>=2.0.0',
74 silly cache add   type: 'range' }
75 silly addNamed nan@>=2.0.0
76 verbose addNamed ">=2.0.0" is a valid semver range for nan
77 silly addNameRange { name: 'nan', range: '>=2.0.0', hasData: false }
78 silly mapToRegistry name nan
79 silly mapToRegistry using default registry
80 silly mapToRegistry registry https://registry.npmjs.org/
81 silly mapToRegistry uri https://registry.npmjs.org/nan
82 verbose addNameRange registry:https://registry.npmjs.org/nan not in flight; fetching
83 verbose get https://registry.npmjs.org/nan not expired, no request
84 silly addNameRange number 2 { name: 'nan', range: '>=2.0.0', hasData: true }
85 silly addNameRange versions [ 'nan',
85 silly addNameRange   [ '0.3.0-wip',
85 silly addNameRange     '0.3.0-wip2',
85 silly addNameRange     '0.3.0',
85 silly addNameRange     '0.3.1',
85 silly addNameRange     '0.3.2',
85 silly addNameRange     '0.4.0',
85 silly addNameRange     '0.4.1',
85 silly addNameRange     '0.4.2',
85 silly addNameRange     '0.4.3',
85 silly addNameRange     '0.4.4',
85 silly addNameRange     '0.5.0',
85 silly addNameRange     '0.5.1',
85 silly addNameRange     '0.5.2',
85 silly addNameRange     '0.6.0',
85 silly addNameRange     '0.7.0',
85 silly addNameRange     '0.7.1',
85 silly addNameRange     '0.8.0',
85 silly addNameRange     '1.0.0',
85 silly addNameRange     '1.1.0',
85 silly addNameRange     '1.1.1',
85 silly addNameRange     '1.1.2',
85 silly addNameRange     '1.2.0',
85 silly addNameRange     '1.3.0',
85 silly addNameRange     '1.4.0',
85 silly addNameRange     '1.4.1',
85 silly addNameRange     '1.5.0',
85 silly addNameRange     '1.4.2',
85 silly addNameRange     '1.4.3',
85 silly addNameRange     '1.5.1',
85 silly addNameRange     '1.5.2',
85 silly addNameRange     '1.6.0',
85 silly addNameRange     '1.5.3',
85 silly addNameRange     '1.6.1',
85 silly addNameRange     '1.6.2',
85 silly addNameRange     '1.7.0',
85 silly addNameRange     '1.8.0',
85 silly addNameRange     '1.8.1',
85 silly addNameRange     '1.8.2',
85 silly addNameRange     '1.8.3',
85 silly addNameRange     '1.8.4',
85 silly addNameRange     '1.9.0',
85 silly addNameRange     '2.0.0',
85 silly addNameRange     '2.0.1',
85 silly addNameRange     '2.0.2',
85 silly addNameRange     '2.0.3',
85 silly addNameRange     '2.0.4',
85 silly addNameRange     '2.0.5',
85 silly addNameRange     '2.0.6',
85 silly addNameRange     '2.0.7',
85 silly addNameRange     '2.0.8',
85 silly addNameRange     '2.0.9',
85 silly addNameRange     '2.1.0',
85 silly addNameRange     '2.2.0' ] ]
86 silly addNamed nan@2.2.0
87 verbose addNamed "2.2.0" is a plain semver version for nan
88 silly cache afterAdd nan@2.2.0
89 verbose afterAdd /Users/tathagatnawadia/.npm/nan/2.2.0/package/package.json not in flight; writing
90 verbose afterAdd /Users/tathagatnawadia/.npm/nan/2.2.0/package/package.json written
91 silly loadAllDepsIntoIdealTree Finishing
92 silly idealTree:prePrune chat-app@1.0.0
92 silly idealTree:prePrune ├── accepts@1.2.13
92 silly idealTree:prePrune ├── after@0.8.1
92 silly idealTree:prePrune ├── array-flatten@1.1.1
92 silly idealTree:prePrune ├── arraybuffer.slice@0.0.6
92 silly idealTree:prePrune ├── backo2@1.0.2
92 silly idealTree:prePrune ├── base64-arraybuffer@0.1.2
92 silly idealTree:prePrune ├── base64id@0.1.0
92 silly idealTree:prePrune ├── benchmark@1.0.0
92 silly idealTree:prePrune ├── better-assert@1.0.2
92 silly idealTree:prePrune ├── blob@0.0.4
92 silly idealTree:prePrune ├── bson@0.4.21
92 silly idealTree:prePrune ├── callsite@1.0.0
92 silly idealTree:prePrune ├── common-utils@0.0.2
92 silly idealTree:prePrune ├── component-bind@1.0.0
92 silly idealTree:prePrune ├── component-emitter@1.1.2
92 silly idealTree:prePrune ├── component-inherit@0.0.3
92 silly idealTree:prePrune ├── content-disposition@0.5.1
92 silly idealTree:prePrune ├── content-type@1.0.1
92 silly idealTree:prePrune ├── cookie-signature@1.0.6
92 silly idealTree:prePrune ├── cookie@0.1.5
92 silly idealTree:prePrune ├── core-util-is@1.0.2
92 silly idealTree:prePrune ├── debug@2.2.0
92 silly idealTree:prePrune ├── depd@1.1.0
92 silly idealTree:prePrune ├── destroy@1.0.4
92 silly idealTree:prePrune ├── ee-first@1.1.1
92 silly idealTree:prePrune ├── engine.io-client@1.6.8
92 silly idealTree:prePrune ├─┬ engine.io-parser@1.2.4
92 silly idealTree:prePrune │ └── has-binary@0.1.6
92 silly idealTree:prePrune ├─┬ engine.io@1.6.8
92 silly idealTree:prePrune │ ├── accepts@1.1.4
92 silly idealTree:prePrune │ ├── mime-db@1.12.0
92 silly idealTree:prePrune │ ├── mime-types@2.0.14
92 silly idealTree:prePrune │ └── negotiator@0.4.9
92 silly idealTree:prePrune ├── es6-promise@3.0.2
92 silly idealTree:prePrune ├── escape-html@1.0.3
92 silly idealTree:prePrune ├── etag@1.7.0
92 silly idealTree:prePrune ├── express@4.13.4
92 silly idealTree:prePrune ├── fibers@1.0.9
92 silly idealTree:prePrune ├── finalhandler@0.4.1
92 silly idealTree:prePrune ├── forwarded@0.1.0
92 silly idealTree:prePrune ├── fresh@0.3.0
92 silly idealTree:prePrune ├── has-binary@0.1.7
92 silly idealTree:prePrune ├── has-cors@1.1.0
92 silly idealTree:prePrune ├── http-errors@1.3.1
92 silly idealTree:prePrune ├── indexof@0.0.1
92 silly idealTree:prePrune ├── inherits@2.0.1
92 silly idealTree:prePrune ├── ipaddr.js@1.0.5
92 silly idealTree:prePrune ├── isarray@0.0.1
92 silly idealTree:prePrune ├── json-query@1.6.0
92 silly idealTree:prePrune ├── json3@3.2.6
92 silly idealTree:prePrune ├─┬ kerberos@0.0.18
92 silly idealTree:prePrune │ └── nan@2.0.9
92 silly idealTree:prePrune ├── keyword-extractor@0.0.12
92 silly idealTree:prePrune ├── match-words@0.1.0
92 silly idealTree:prePrune ├── media-typer@0.3.0
92 silly idealTree:prePrune ├── merge-descriptors@1.0.1
92 silly idealTree:prePrune ├── methods@1.1.2
92 silly idealTree:prePrune ├── mime-db@1.21.0
92 silly idealTree:prePrune ├── mime-types@2.1.9
92 silly idealTree:prePrune ├── mime@1.3.4
92 silly idealTree:prePrune ├── minimist@0.0.8
92 silly idealTree:prePrune ├── mkdirp@0.5.0
92 silly idealTree:prePrune ├─┬ mongo-sync@2.0.1
92 silly idealTree:prePrune │ ├── bson@0.2.22
92 silly idealTree:prePrune │ ├── mongodb-core@1.1.20
92 silly idealTree:prePrune │ └── mongodb@2.0.24
92 silly idealTree:prePrune ├── mongodb-core@1.3.1
92 silly idealTree:prePrune ├── mongodb@2.1.7
92 silly idealTree:prePrune ├── ms@0.7.1
92 silly idealTree:prePrune ├── nan@1.8.4
92 silly idealTree:prePrune ├── negotiator@0.5.3
92 silly idealTree:prePrune ├── object-component@0.0.3
92 silly idealTree:prePrune ├── on-finished@2.3.0
92 silly idealTree:prePrune ├── options@0.0.6
92 silly idealTree:prePrune ├── parsejson@0.0.1
92 silly idealTree:prePrune ├── parseqs@0.0.2
92 silly idealTree:prePrune ├── parseuri@0.0.4
92 silly idealTree:prePrune ├── parseurl@1.3.1
92 silly idealTree:prePrune ├── path-to-regexp@0.1.7
92 silly idealTree:prePrune ├── proxy-addr@1.0.10
92 silly idealTree:prePrune ├── python-shell@0.3.0
92 silly idealTree:prePrune ├── qs@4.0.0
92 silly idealTree:prePrune ├── range-parser@1.0.3
92 silly idealTree:prePrune ├── readable-stream@1.0.31
92 silly idealTree:prePrune ├── require_optional@1.0.0
92 silly idealTree:prePrune ├── resolve-from@2.0.0
92 silly idealTree:prePrune ├── rimraf@2.2.6
92 silly idealTree:prePrune ├── semver@5.1.0
92 silly idealTree:prePrune ├── send@0.13.1
92 silly idealTree:prePrune ├── serve-static@1.10.2
92 silly idealTree:prePrune ├─┬ sleep@3.0.1
92 silly idealTree:prePrune │ └── nan@2.2.0
92 silly idealTree:prePrune ├─┬ socket.io-adapter@0.4.0
92 silly idealTree:prePrune │ └─┬ socket.io-parser@2.2.2
92 silly idealTree:prePrune │   └── debug@0.7.4
92 silly idealTree:prePrune ├─┬ socket.io-client@1.4.5
92 silly idealTree:prePrune │ └── component-emitter@1.2.0
92 silly idealTree:prePrune ├─┬ socket.io-parser@2.2.6
92 silly idealTree:prePrune │ └── json3@3.3.2
92 silly idealTree:prePrune ├── socket.io@1.4.5
92 silly idealTree:prePrune ├── statuses@1.2.1
92 silly idealTree:prePrune ├── string_decoder@0.10.31
92 silly idealTree:prePrune ├── to-array@0.1.4
92 silly idealTree:prePrune ├── type-is@1.6.11
92 silly idealTree:prePrune ├── ultron@1.0.2
92 silly idealTree:prePrune ├── underscore.string@2.3.3
92 silly idealTree:prePrune ├── underscore@1.7.0
92 silly idealTree:prePrune ├── unpipe@1.0.0
92 silly idealTree:prePrune ├── utf8@2.1.0
92 silly idealTree:prePrune ├── utils-merge@1.0.0
92 silly idealTree:prePrune ├── vary@1.0.1
92 silly idealTree:prePrune ├── word-regex@0.1.0
92 silly idealTree:prePrune ├── wordcount@1.1.1
92 silly idealTree:prePrune ├── ws@1.0.1
92 silly idealTree:prePrune ├── xmlhttprequest-ssl@1.5.1
92 silly idealTree:prePrune └── yeast@0.1.2
93 silly loadIdealTree Finishing
94 silly currentTree chat-app@1.0.0
94 silly currentTree ├── accepts@1.2.13
94 silly currentTree ├── after@0.8.1
94 silly currentTree ├── array-flatten@1.1.1
94 silly currentTree ├── arraybuffer.slice@0.0.6
94 silly currentTree ├── backo2@1.0.2
94 silly currentTree ├── base64-arraybuffer@0.1.2
94 silly currentTree ├── base64id@0.1.0
94 silly currentTree ├── benchmark@1.0.0
94 silly currentTree ├── better-assert@1.0.2
94 silly currentTree ├── blob@0.0.4
94 silly currentTree ├── bson@0.4.21
94 silly currentTree ├── callsite@1.0.0
94 silly currentTree ├── common-utils@0.0.2
94 silly currentTree ├── component-bind@1.0.0
94 silly currentTree ├── component-emitter@1.1.2
94 silly currentTree ├── component-inherit@0.0.3
94 silly currentTree ├── content-disposition@0.5.1
94 silly currentTree ├── content-type@1.0.1
94 silly currentTree ├── cookie-signature@1.0.6
94 silly currentTree ├── cookie@0.1.5
94 silly currentTree ├── core-util-is@1.0.2
94 silly currentTree ├── debug@2.2.0
94 silly currentTree ├── depd@1.1.0
94 silly currentTree ├── destroy@1.0.4
94 silly currentTree ├── ee-first@1.1.1
94 silly currentTree ├── engine.io-client@1.6.8
94 silly currentTree ├─┬ engine.io-parser@1.2.4
94 silly currentTree │ └── has-binary@0.1.6
94 silly currentTree ├─┬ engine.io@1.6.8
94 silly currentTree │ ├── accepts@1.1.4
94 silly currentTree │ ├── mime-db@1.12.0
94 silly currentTree │ ├── mime-types@2.0.14
94 silly currentTree │ └── negotiator@0.4.9
94 silly currentTree ├── es6-promise@3.0.2
94 silly currentTree ├── escape-html@1.0.3
94 silly currentTree ├── etag@1.7.0
94 silly currentTree ├── express@4.13.4
94 silly currentTree ├── fibers@1.0.9
94 silly currentTree ├── finalhandler@0.4.1
94 silly currentTree ├── forwarded@0.1.0
94 silly currentTree ├── fresh@0.3.0
94 silly currentTree ├── has-binary@0.1.7
94 silly currentTree ├── has-cors@1.1.0
94 silly currentTree ├── http-errors@1.3.1
94 silly currentTree ├── indexof@0.0.1
94 silly currentTree ├── inherits@2.0.1
94 silly currentTree ├── ipaddr.js@1.0.5
94 silly currentTree ├── isarray@0.0.1
94 silly currentTree ├── json-query@1.6.0
94 silly currentTree ├── json3@3.2.6
94 silly currentTree ├─┬ kerberos@0.0.18
94 silly currentTree │ └── nan@2.0.9
94 silly currentTree ├── keyword-extractor@0.0.12
94 silly currentTree ├── match-words@0.1.0
94 silly currentTree ├── media-typer@0.3.0
94 silly currentTree ├── merge-descriptors@1.0.1
94 silly currentTree ├── methods@1.1.2
94 silly currentTree ├── mime-db@1.21.0
94 silly currentTree ├── mime-types@2.1.9
94 silly currentTree ├── mime@1.3.4
94 silly currentTree ├── minimist@0.0.8
94 silly currentTree ├── mkdirp@0.5.0
94 silly currentTree ├─┬ mongo-sync@2.0.1
94 silly currentTree │ ├── bson@0.2.22
94 silly currentTree │ ├── mongodb-core@1.1.20
94 silly currentTree │ └── mongodb@2.0.24
94 silly currentTree ├── mongodb-core@1.3.1
94 silly currentTree ├── mongodb@2.1.7
94 silly currentTree ├── ms@0.7.1
94 silly currentTree ├── nan@1.8.4
94 silly currentTree ├── negotiator@0.5.3
94 silly currentTree ├── object-component@0.0.3
94 silly currentTree ├── on-finished@2.3.0
94 silly currentTree ├── options@0.0.6
94 silly currentTree ├── parsejson@0.0.1
94 silly currentTree ├── parseqs@0.0.2
94 silly currentTree ├── parseuri@0.0.4
94 silly currentTree ├── parseurl@1.3.1
94 silly currentTree ├── path-to-regexp@0.1.7
94 silly currentTree ├── proxy-addr@1.0.10
94 silly currentTree ├── python-shell@0.3.0
94 silly currentTree ├── qs@4.0.0
94 silly currentTree ├── range-parser@1.0.3
94 silly currentTree ├── readable-stream@1.0.31
94 silly currentTree ├── require_optional@1.0.0
94 silly currentTree ├── resolve-from@2.0.0
94 silly currentTree ├── rimraf@2.2.6
94 silly currentTree ├── semver@5.1.0
94 silly currentTree ├── send@0.13.1
94 silly currentTree ├── serve-static@1.10.2
94 silly currentTree ├─┬ socket.io-adapter@0.4.0
94 silly currentTree │ └─┬ socket.io-parser@2.2.2
94 silly currentTree │   └── debug@0.7.4
94 silly currentTree ├─┬ socket.io-client@1.4.5
94 silly currentTree │ └── component-emitter@1.2.0
94 silly currentTree ├─┬ socket.io-parser@2.2.6
94 silly currentTree │ └── json3@3.3.2
94 silly currentTree ├── socket.io@1.4.5
94 silly currentTree ├── statuses@1.2.1
94 silly currentTree ├── string_decoder@0.10.31
94 silly currentTree ├── to-array@0.1.4
94 silly currentTree ├── type-is@1.6.11
94 silly currentTree ├── ultron@1.0.2
94 silly currentTree ├── underscore.string@2.3.3
94 silly currentTree ├── underscore@1.7.0
94 silly currentTree ├── unpipe@1.0.0
94 silly currentTree ├── utf8@2.1.0
94 silly currentTree ├── utils-merge@1.0.0
94 silly currentTree ├── vary@1.0.1
94 silly currentTree ├── word-regex@0.1.0
94 silly currentTree ├── wordcount@1.1.1
94 silly currentTree ├── ws@1.0.1
94 silly currentTree ├── xmlhttprequest-ssl@1.5.1
94 silly currentTree └── yeast@0.1.2
95 silly idealTree chat-app@1.0.0
95 silly idealTree ├── accepts@1.2.13
95 silly idealTree ├── after@0.8.1
95 silly idealTree ├── array-flatten@1.1.1
95 silly idealTree ├── arraybuffer.slice@0.0.6
95 silly idealTree ├── backo2@1.0.2
95 silly idealTree ├── base64-arraybuffer@0.1.2
95 silly idealTree ├── base64id@0.1.0
95 silly idealTree ├── benchmark@1.0.0
95 silly idealTree ├── better-assert@1.0.2
95 silly idealTree ├── blob@0.0.4
95 silly idealTree ├── bson@0.4.21
95 silly idealTree ├── callsite@1.0.0
95 silly idealTree ├── common-utils@0.0.2
95 silly idealTree ├── component-bind@1.0.0
95 silly idealTree ├── component-emitter@1.1.2
95 silly idealTree ├── component-inherit@0.0.3
95 silly idealTree ├── content-disposition@0.5.1
95 silly idealTree ├── content-type@1.0.1
95 silly idealTree ├── cookie-signature@1.0.6
95 silly idealTree ├── cookie@0.1.5
95 silly idealTree ├── core-util-is@1.0.2
95 silly idealTree ├── debug@2.2.0
95 silly idealTree ├── depd@1.1.0
95 silly idealTree ├── destroy@1.0.4
95 silly idealTree ├── ee-first@1.1.1
95 silly idealTree ├── engine.io-client@1.6.8
95 silly idealTree ├─┬ engine.io-parser@1.2.4
95 silly idealTree │ └── has-binary@0.1.6
95 silly idealTree ├─┬ engine.io@1.6.8
95 silly idealTree │ ├── accepts@1.1.4
95 silly idealTree │ ├── mime-db@1.12.0
95 silly idealTree │ ├── mime-types@2.0.14
95 silly idealTree │ └── negotiator@0.4.9
95 silly idealTree ├── es6-promise@3.0.2
95 silly idealTree ├── escape-html@1.0.3
95 silly idealTree ├── etag@1.7.0
95 silly idealTree ├── express@4.13.4
95 silly idealTree ├── fibers@1.0.9
95 silly idealTree ├── finalhandler@0.4.1
95 silly idealTree ├── forwarded@0.1.0
95 silly idealTree ├── fresh@0.3.0
95 silly idealTree ├── has-binary@0.1.7
95 silly idealTree ├── has-cors@1.1.0
95 silly idealTree ├── http-errors@1.3.1
95 silly idealTree ├── indexof@0.0.1
95 silly idealTree ├── inherits@2.0.1
95 silly idealTree ├── ipaddr.js@1.0.5
95 silly idealTree ├── isarray@0.0.1
95 silly idealTree ├── json-query@1.6.0
95 silly idealTree ├── json3@3.2.6
95 silly idealTree ├─┬ kerberos@0.0.18
95 silly idealTree │ └── nan@2.0.9
95 silly idealTree ├── keyword-extractor@0.0.12
95 silly idealTree ├── match-words@0.1.0
95 silly idealTree ├── media-typer@0.3.0
95 silly idealTree ├── merge-descriptors@1.0.1
95 silly idealTree ├── methods@1.1.2
95 silly idealTree ├── mime-db@1.21.0
95 silly idealTree ├── mime-types@2.1.9
95 silly idealTree ├── mime@1.3.4
95 silly idealTree ├── minimist@0.0.8
95 silly idealTree ├── mkdirp@0.5.0
95 silly idealTree ├─┬ mongo-sync@2.0.1
95 silly idealTree │ ├── bson@0.2.22
95 silly idealTree │ ├── mongodb-core@1.1.20
95 silly idealTree │ └── mongodb@2.0.24
95 silly idealTree ├── mongodb-core@1.3.1
95 silly idealTree ├── mongodb@2.1.7
95 silly idealTree ├── ms@0.7.1
95 silly idealTree ├── nan@1.8.4
95 silly idealTree ├── negotiator@0.5.3
95 silly idealTree ├── object-component@0.0.3
95 silly idealTree ├── on-finished@2.3.0
95 silly idealTree ├── options@0.0.6
95 silly idealTree ├── parsejson@0.0.1
95 silly idealTree ├── parseqs@0.0.2
95 silly idealTree ├── parseuri@0.0.4
95 silly idealTree ├── parseurl@1.3.1
95 silly idealTree ├── path-to-regexp@0.1.7
95 silly idealTree ├── proxy-addr@1.0.10
95 silly idealTree ├── python-shell@0.3.0
95 silly idealTree ├── qs@4.0.0
95 silly idealTree ├── range-parser@1.0.3
95 silly idealTree ├── readable-stream@1.0.31
95 silly idealTree ├── require_optional@1.0.0
95 silly idealTree ├── resolve-from@2.0.0
95 silly idealTree ├── rimraf@2.2.6
95 silly idealTree ├── semver@5.1.0
95 silly idealTree ├── send@0.13.1
95 silly idealTree ├── serve-static@1.10.2
95 silly idealTree ├─┬ sleep@3.0.1
95 silly idealTree │ └── nan@2.2.0
95 silly idealTree ├─┬ socket.io-adapter@0.4.0
95 silly idealTree │ └─┬ socket.io-parser@2.2.2
95 silly idealTree │   └── debug@0.7.4
95 silly idealTree ├─┬ socket.io-client@1.4.5
95 silly idealTree │ └── component-emitter@1.2.0
95 silly idealTree ├─┬ socket.io-parser@2.2.6
95 silly idealTree │ └── json3@3.3.2
95 silly idealTree ├── socket.io@1.4.5
95 silly idealTree ├── statuses@1.2.1
95 silly idealTree ├── string_decoder@0.10.31
95 silly idealTree ├── to-array@0.1.4
95 silly idealTree ├── type-is@1.6.11
95 silly idealTree ├── ultron@1.0.2
95 silly idealTree ├── underscore.string@2.3.3
95 silly idealTree ├── underscore@1.7.0
95 silly idealTree ├── unpipe@1.0.0
95 silly idealTree ├── utf8@2.1.0
95 silly idealTree ├── utils-merge@1.0.0
95 silly idealTree ├── vary@1.0.1
95 silly idealTree ├── word-regex@0.1.0
95 silly idealTree ├── wordcount@1.1.1
95 silly idealTree ├── ws@1.0.1
95 silly idealTree ├── xmlhttprequest-ssl@1.5.1
95 silly idealTree └── yeast@0.1.2
96 silly generateActionsToTake Starting
97 silly install generateActionsToTake
98 silly generateActionsToTake Finishing
99 silly diffTrees action count 2
100 silly diffTrees add nan@2.2.0
101 silly diffTrees add sleep@3.0.1
102 silly decomposeActions action count 16
103 silly decomposeActions fetch nan@2.2.0
104 silly decomposeActions extract nan@2.2.0
105 silly decomposeActions preinstall nan@2.2.0
106 silly decomposeActions build nan@2.2.0
107 silly decomposeActions install nan@2.2.0
108 silly decomposeActions postinstall nan@2.2.0
109 silly decomposeActions test nan@2.2.0
110 silly decomposeActions finalize nan@2.2.0
111 silly decomposeActions fetch sleep@3.0.1
112 silly decomposeActions extract sleep@3.0.1
113 silly decomposeActions preinstall sleep@3.0.1
114 silly decomposeActions build sleep@3.0.1
115 silly decomposeActions install sleep@3.0.1
116 silly decomposeActions postinstall sleep@3.0.1
117 silly decomposeActions test sleep@3.0.1
118 silly decomposeActions finalize sleep@3.0.1
119 silly executeActions Starting
120 silly install executeActions
121 silly doSerial global-install 0
122 silly doParallel fetch 2
123 verbose lock using /Users/tathagatnawadia/.npm/_locks/staging-1e5838044a5853d4.lock for /Users/tathagatnawadia/Documents/testing/inmobi/node_modules/.staging
124 silly doParallel extract 2
125 silly extract nan@2.2.0
126 silly extract sleep@3.0.1
127 verbose unbuild node_modules/.staging/nan-43786b2f8d5ae433bec9fa3a2d201d5b
128 verbose unbuild node_modules/.staging/sleep-ac63597cf47f5a5f1cf7088e27fc23ed
129 silly gentlyRm /Users/tathagatnawadia/Documents/testing/inmobi/node_modules/.staging/nan-43786b2f8d5ae433bec9fa3a2d201d5b is being purged from base /Users/tathagatnawadia/Documents/testing/inmobi
130 silly gentlyRm /Users/tathagatnawadia/Documents/testing/inmobi/node_modules/.staging/sleep-ac63597cf47f5a5f1cf7088e27fc23ed is being purged from base /Users/tathagatnawadia/Documents/testing/inmobi
131 verbose gentlyRm don't care about contents; nuking /Users/tathagatnawadia/Documents/testing/inmobi/node_modules/.staging/nan-43786b2f8d5ae433bec9fa3a2d201d5b
132 verbose gentlyRm don't care about contents; nuking /Users/tathagatnawadia/Documents/testing/inmobi/node_modules/.staging/sleep-ac63597cf47f5a5f1cf7088e27fc23ed
133 verbose tar unpack /Users/tathagatnawadia/.npm/nan/2.2.0/package.tgz
134 verbose tar unpacking to /Users/tathagatnawadia/Documents/testing/inmobi/node_modules/.staging/nan-43786b2f8d5ae433bec9fa3a2d201d5b
135 silly gentlyRm /Users/tathagatnawadia/Documents/testing/inmobi/node_modules/.staging/nan-43786b2f8d5ae433bec9fa3a2d201d5b is being purged
136 verbose tar unpack /Users/tathagatnawadia/.npm/sleep/3.0.1/package.tgz
137 verbose tar unpacking to /Users/tathagatnawadia/Documents/testing/inmobi/node_modules/.staging/sleep-ac63597cf47f5a5f1cf7088e27fc23ed
138 silly gentlyRm /Users/tathagatnawadia/Documents/testing/inmobi/node_modules/.staging/sleep-ac63597cf47f5a5f1cf7088e27fc23ed is being purged
139 verbose gentlyRm don't care about contents; nuking /Users/tathagatnawadia/Documents/testing/inmobi/node_modules/.staging/nan-43786b2f8d5ae433bec9fa3a2d201d5b
140 verbose gentlyRm don't care about contents; nuking /Users/tathagatnawadia/Documents/testing/inmobi/node_modules/.staging/sleep-ac63597cf47f5a5f1cf7088e27fc23ed
141 silly gunzTarPerm modes [ '755', '644' ]
142 silly gunzTarPerm modes [ '755', '644' ]
143 silly gunzTarPerm extractEntry package.json
144 silly gunzTarPerm modified mode [ 'package.json', 436, 420 ]
145 silly gunzTarPerm extractEntry package.json
146 silly gunzTarPerm modified mode [ 'package.json', 436, 420 ]
147 silly gunzTarPerm extractEntry README.md
148 silly gunzTarPerm modified mode [ 'README.md', 436, 420 ]
149 silly gunzTarPerm extractEntry .npmignore
150 silly gunzTarPerm modified mode [ '.npmignore', 436, 420 ]
151 silly gunzTarPerm extractEntry README.md
152 silly gunzTarPerm modified mode [ 'README.md', 436, 420 ]
153 silly gunzTarPerm extractEntry include_dirs.js
154 silly gunzTarPerm modified mode [ 'include_dirs.js', 436, 420 ]
155 silly gunzTarPerm extractEntry nan_converters.h
156 silly gunzTarPerm modified mode [ 'nan_converters.h', 436, 420 ]
157 silly gunzTarPerm extractEntry LICENSE.md
158 silly gunzTarPerm modified mode [ 'LICENSE.md', 436, 420 ]
159 silly gunzTarPerm extractEntry .dntrc
160 silly gunzTarPerm modified mode [ '.dntrc', 436, 420 ]
161 silly gunzTarPerm extractEntry index.js
162 silly gunzTarPerm modified mode [ 'index.js', 436, 420 ]
163 silly gunzTarPerm extractEntry test.js
164 silly gunzTarPerm modified mode [ 'test.js', 436, 420 ]
165 silly gunzTarPerm extractEntry appveyor.yml
166 silly gunzTarPerm modified mode [ 'appveyor.yml', 436, 420 ]
167 silly gunzTarPerm extractEntry LICENSE.txt
168 silly gunzTarPerm modified mode [ 'LICENSE.txt', 436, 420 ]
169 silly gunzTarPerm extractEntry binding.gyp
170 silly gunzTarPerm modified mode [ 'binding.gyp', 436, 420 ]
171 silly gunzTarPerm extractEntry doc/new.md
172 silly gunzTarPerm modified mode [ 'doc/new.md', 436, 420 ]
173 silly gunzTarPerm extractEntry doc/.build.sh
174 silly gunzTarPerm modified mode [ 'doc/.build.sh', 509, 493 ]
175 silly gunzTarPerm extractEntry sleep.cc
176 silly gunzTarPerm modified mode [ 'sleep.cc', 436, 420 ]
177 silly gunzTarPerm extractEntry doc/buffers.md
178 silly gunzTarPerm modified mode [ 'doc/buffers.md', 436, 420 ]
179 silly gunzTarPerm extractEntry doc/callback.md
180 silly gunzTarPerm modified mode [ 'doc/callback.md', 436, 420 ]
181 silly gunzTarPerm extractEntry doc/converters.md
182 silly gunzTarPerm modified mode [ 'doc/converters.md', 436, 420 ]
183 silly gunzTarPerm extractEntry doc/errors.md
184 silly gunzTarPerm modified mode [ 'doc/errors.md', 436, 420 ]
185 silly gunzTarPerm extractEntry doc/maybe_types.md
186 silly gunzTarPerm modified mode [ 'doc/maybe_types.md', 436, 420 ]
187 silly gunzTarPerm extractEntry doc/methods.md
188 silly gunzTarPerm modified mode [ 'doc/methods.md', 436, 420 ]
189 silly gunzTarPerm extractEntry doc/asyncworker.md
190 silly gunzTarPerm modified mode [ 'doc/asyncworker.md', 436, 420 ]
191 silly gunzTarPerm extractEntry doc/node_misc.md
192 silly gunzTarPerm modified mode [ 'doc/node_misc.md', 436, 420 ]
193 silly gunzTarPerm extractEntry doc/object_wrappers.md
194 silly gunzTarPerm modified mode [ 'doc/object_wrappers.md', 436, 420 ]
195 silly gunzTarPerm extractEntry doc/persistent.md
196 silly gunzTarPerm modified mode [ 'doc/persistent.md', 436, 420 ]
197 silly gunzTarPerm extractEntry doc/scopes.md
198 silly gunzTarPerm modified mode [ 'doc/scopes.md', 436, 420 ]
199 silly gunzTarPerm extractEntry doc/script.md
200 silly gunzTarPerm modified mode [ 'doc/script.md', 436, 420 ]
201 silly gunzTarPerm extractEntry doc/string_bytes.md
202 silly gunzTarPerm modified mode [ 'doc/string_bytes.md', 436, 420 ]
203 silly gunzTarPerm extractEntry doc/v8_internals.md
204 silly gunzTarPerm modified mode [ 'doc/v8_internals.md', 436, 420 ]
205 silly gunzTarPerm extractEntry doc/v8_misc.md
206 silly gunzTarPerm modified mode [ 'doc/v8_misc.md', 436, 420 ]
207 silly gunzTarPerm extractEntry nan.h
208 silly gunzTarPerm modified mode [ 'nan.h', 436, 420 ]
209 silly gunzTarPerm extractEntry nan_callbacks.h
210 silly gunzTarPerm modified mode [ 'nan_callbacks.h', 436, 420 ]
211 silly gunzTarPerm extractEntry nan_callbacks_12_inl.h
212 silly gunzTarPerm modified mode [ 'nan_callbacks_12_inl.h', 436, 420 ]
213 silly gunzTarPerm extractEntry nan_callbacks_pre_12_inl.h
214 silly gunzTarPerm modified mode [ 'nan_callbacks_pre_12_inl.h', 436, 420 ]
215 silly gunzTarPerm extractEntry nan_converters_43_inl.h
216 silly gunzTarPerm modified mode [ 'nan_converters_43_inl.h', 436, 420 ]
217 silly gunzTarPerm extractEntry nan_converters_pre_43_inl.h
218 silly gunzTarPerm modified mode [ 'nan_converters_pre_43_inl.h', 436, 420 ]
219 silly gunzTarPerm extractEntry nan_implementation_12_inl.h
220 silly gunzTarPerm modified mode [ 'nan_implementation_12_inl.h', 436, 420 ]
221 silly gunzTarPerm extractEntry nan_implementation_pre_12_inl.h
222 silly gunzTarPerm modified mode [ 'nan_implementation_pre_12_inl.h', 436, 420 ]
223 silly gunzTarPerm extractEntry nan_maybe_43_inl.h
224 silly gunzTarPerm modified mode [ 'nan_maybe_43_inl.h', 436, 420 ]
225 silly gunzTarPerm extractEntry nan_maybe_pre_43_inl.h
226 silly gunzTarPerm modified mode [ 'nan_maybe_pre_43_inl.h', 436, 420 ]
227 silly gunzTarPerm extractEntry nan_new.h
228 silly gunzTarPerm modified mode [ 'nan_new.h', 436, 420 ]
229 silly gunzTarPerm extractEntry nan_object_wrap.h
230 silly gunzTarPerm modified mode [ 'nan_object_wrap.h', 436, 420 ]
231 silly gunzTarPerm extractEntry nan_persistent_12_inl.h
232 silly gunzTarPerm modified mode [ 'nan_persistent_12_inl.h', 436, 420 ]
233 silly gunzTarPerm extractEntry nan_persistent_pre_12_inl.h
234 silly gunzTarPerm modified mode [ 'nan_persistent_pre_12_inl.h', 436, 420 ]
235 silly gunzTarPerm extractEntry nan_string_bytes.h
236 silly gunzTarPerm modified mode [ 'nan_string_bytes.h', 436, 420 ]
237 silly gunzTarPerm extractEntry nan_typedarray_contents.h
238 silly gunzTarPerm modified mode [ 'nan_typedarray_contents.h', 436, 420 ]
239 silly gunzTarPerm extractEntry nan_weak.h
240 silly gunzTarPerm modified mode [ 'nan_weak.h', 436, 420 ]
241 silly gunzTarPerm extractEntry CHANGELOG.md
242 silly gunzTarPerm modified mode [ 'CHANGELOG.md', 436, 420 ]
243 silly gunzTarPerm extractEntry tools/package.json
244 silly gunzTarPerm modified mode [ 'tools/package.json', 436, 420 ]
245 silly gunzTarPerm extractEntry tools/README.md
246 silly gunzTarPerm modified mode [ 'tools/README.md', 436, 420 ]
247 silly gunzTarPerm extractEntry tools/1to2.js
248 silly gunzTarPerm modified mode [ 'tools/1to2.js', 509, 493 ]
249 silly doParallel preinstall 2
250 silly preinstall nan@2.2.0 /Users/tathagatnawadia/Documents/testing/inmobi/node_modules/.staging/nan-43786b2f8d5ae433bec9fa3a2d201d5b
251 info lifecycle nan@2.2.0~preinstall: nan@2.2.0
252 silly preinstall sleep@3.0.1 /Users/tathagatnawadia/Documents/testing/inmobi/node_modules/.staging/sleep-ac63597cf47f5a5f1cf7088e27fc23ed
253 info lifecycle sleep@3.0.1~preinstall: sleep@3.0.1
254 silly lifecycle nan@2.2.0~preinstall: no script for preinstall, continuing
255 silly lifecycle sleep@3.0.1~preinstall: no script for preinstall, continuing
256 silly doReverseSerial remove 0
257 silly doSerial move 0
258 silly doSerial finalize 2
259 silly finalize /Users/tathagatnawadia/Documents/testing/inmobi/node_modules/sleep/node_modules/nan
260 silly finalize /Users/tathagatnawadia/Documents/testing/inmobi/node_modules/sleep
261 silly doSerial build 2
262 silly build nan@2.2.0
263 info linkStuff nan@2.2.0
264 silly linkStuff nan@2.2.0 has /Users/tathagatnawadia/Documents/testing/inmobi/node_modules/sleep/node_modules as its parent node_modules
265 verbose linkBins nan@2.2.0
266 verbose linkMans nan@2.2.0
267 silly build sleep@3.0.1
268 info linkStuff sleep@3.0.1
269 silly linkStuff sleep@3.0.1 has /Users/tathagatnawadia/Documents/testing/inmobi/node_modules as its parent node_modules
270 verbose linkBins sleep@3.0.1
271 verbose linkMans sleep@3.0.1
272 silly doSerial global-link 0
273 silly doParallel update-linked 0
274 silly doSerial install 2
275 silly install nan@2.2.0 /Users/tathagatnawadia/Documents/testing/inmobi/node_modules/.staging/nan-43786b2f8d5ae433bec9fa3a2d201d5b
276 info lifecycle nan@2.2.0~install: nan@2.2.0
277 silly lifecycle nan@2.2.0~install: no script for install, continuing
278 silly install sleep@3.0.1 /Users/tathagatnawadia/Documents/testing/inmobi/node_modules/.staging/sleep-ac63597cf47f5a5f1cf7088e27fc23ed
279 info lifecycle sleep@3.0.1~install: sleep@3.0.1
280 verbose lifecycle sleep@3.0.1~install: unsafe-perm in lifecycle true
281 verbose lifecycle sleep@3.0.1~install: PATH: /usr/local/lib/node_modules/npm/bin/node-gyp-bin:/Users/tathagatnawadia/Documents/testing/inmobi/node_modules/sleep/node_modules/.bin:/Users/tathagatnawadia/Documents/testing/inmobi/node_modules/.bin:/Users/tathagatnawadia/anaconda/bin:/usr/local/mysql/bin:/Users/tathagatnawadia/.composer/vendor/bin:/Library/Frameworks/Python.framework/Versions/3.5/bin:/usr/bin:/bin:/usr/sbin:/sbin:/usr/local/bin
282 verbose lifecycle sleep@3.0.1~install: CWD: /Users/tathagatnawadia/Documents/testing/inmobi/node_modules/sleep
283 silly lifecycle sleep@3.0.1~install: Args: [ '-c', 'node-gyp rebuild' ]
284 silly lifecycle sleep@3.0.1~install: Returned: code: 1  signal: null
285 info lifecycle sleep@3.0.1~install: Failed to exec install script
286 verbose unlock done using /Users/tathagatnawadia/.npm/_locks/staging-1e5838044a5853d4.lock for /Users/tathagatnawadia/Documents/testing/inmobi/node_modules/.staging
287 silly rollbackFailedOptional Starting
288 silly rollbackFailedOptional Finishing
289 silly runTopLevelLifecycles Starting
290 silly runTopLevelLifecycles Finishing
291 silly install printInstalled
292 warn EPACKAGEJSON chat-app@1.0.0 No repository field.
293 verbose stack Error: sleep@3.0.1 install: `node-gyp rebuild`
293 verbose stack Exit status 1
293 verbose stack     at EventEmitter.<anonymous> (/usr/local/lib/node_modules/npm/lib/utils/lifecycle.js:232:16)
293 verbose stack     at emitTwo (events.js:87:13)
293 verbose stack     at EventEmitter.emit (events.js:172:7)
293 verbose stack     at ChildProcess.<anonymous> (/usr/local/lib/node_modules/npm/lib/utils/spawn.js:24:14)
293 verbose stack     at emitTwo (events.js:87:13)
293 verbose stack     at ChildProcess.emit (events.js:172:7)
293 verbose stack     at maybeClose (internal/child_process.js:821:16)
293 verbose stack     at Process.ChildProcess._handle.onexit (internal/child_process.js:211:5)
294 verbose pkgid sleep@3.0.1
295 verbose cwd /Users/tathagatnawadia/Documents/testing/inmobi
296 error Darwin 15.3.0
297 error argv "/usr/local/bin/node" "/usr/local/bin/npm" "install" "sleep" "--save"
298 error node v5.4.1
299 error npm  v3.3.12
300 error code ELIFECYCLE
301 error sleep@3.0.1 install: `node-gyp rebuild`
301 error Exit status 1
302 error Failed at the sleep@3.0.1 install script 'node-gyp rebuild'.
302 error Make sure you have the latest version of node.js and npm installed.
302 error If you do, this is most likely a problem with the sleep package,
302 error not with npm itself.
302 error Tell the author that this fails on your system:
302 error     node-gyp rebuild
302 error You can get their info via:
302 error     npm owner ls sleep
302 error There is likely additional logging output above.
303 verbose exit [ 1, true ]
